0 verbose cli /home/container/tmp/node-v16.17.0-linux-x64/bin/node /home/container/tmp/node-v16.17.0-linux-x64/bin/npm
1 info using npm@8.15.0
2 info using node@v16.17.0
3 timing npm:load:whichnode Completed in 0ms
4 timing config:load:defaults Completed in 1ms
5 timing config:load:file:/home/container/tmp/node-v16.17.0-linux-x64/lib/node_modules/npm/npmrc Completed in 0ms
6 timing config:load:builtin Completed in 1ms
7 timing config:load:cli Completed in 2ms
8 timing config:load:env Completed in 1ms
9 timing config:load:project Completed in 0ms
10 timing config:load:file:/home/container/.npmrc Completed in 0ms
11 timing config:load:user Completed in 0ms
12 timing config:load:file:/home/container/etc/npmrc Completed in 1ms
13 timing config:load:global Completed in 1ms
14 timing config:load:validate Completed in 0ms
15 timing config:load:credentials Completed in 1ms
16 timing config:load:setEnvs Completed in 0ms
17 timing config:load Completed in 7ms
18 timing npm:load:configload Completed in 7ms
19 timing npm:load:mkdirpcache Completed in 3ms
20 timing npm:load:mkdirplogs Completed in 0ms
21 verbose title npm install
22 verbose argv "install" "--build-from-resource" "--no-bin-links" "--cache" "/home/container/tmp/.npm-global" "--update-notifier" "false" "--prefix" "/home/container/"
23 timing npm:load:setTitle Completed in 1ms
24 timing config:load:flatten Completed in 2ms
25 timing npm:load:display Completed in 3ms
26 verbose logfile logs-max:10 dir:/home/container/tmp/.npm-global/_logs
27 verbose logfile /home/container/tmp/.npm-global/_logs/2024-10-23T15_29_38_385Z-debug-0.log
28 timing npm:load:logFile Completed in 3ms
29 timing npm:load:timers Completed in 0ms
30 timing npm:load:configScope Completed in 0ms
31 timing npm:load Completed in 17ms
32 timing arborist:ctor Completed in 1ms
33 silly logfile start cleaning logs, removing 1 files
34 silly logfile done cleaning log files
35 timing idealTree:init Completed in 208ms
36 timing idealTree:userRequests Completed in 0ms
37 silly idealTree buildDeps
38 timing idealTree:#root Completed in 1ms
39 timing idealTree:buildDeps Completed in 1ms
40 timing idealTree:fixDepFlags Completed in 0ms
41 timing idealTree Completed in 218ms
42 timing arborist:ctor Completed in 0ms
43 timing reify:loadTrees Completed in 330ms
44 timing reify:diffTrees Completed in 7ms
45 silly reify mark retired [
45 silly reify   '/home/container/node_modules/@babel/parser',
45 silly reify   '/home/container/node_modules/.bin/parser'
45 silly reify ]
46 silly reify mark retired [
46 silly reify   '/home/container/node_modules/@istanbuljs/load-nyc-config/node_modules/js-yaml',
46 silly reify   '/home/container/node_modules/@istanbuljs/load-nyc-config/node_modules/.bin/js-yaml'
46 silly reify ]
47 silly reify mark retired [
47 silly reify   '/home/container/node_modules/acorn',
47 silly reify   '/home/container/node_modules/.bin/acorn'
47 silly reify ]
48 silly reify mark retired [
48 silly reify   '/home/container/node_modules/browserslist',
48 silly reify   '/home/container/node_modules/.bin/browserslist'
48 silly reify ]
49 silly reify mark retired [
49 silly reify   '/home/container/node_modules/create-jest',
49 silly reify   '/home/container/node_modules/.bin/create-jest'
49 silly reify ]
50 silly reify mark retired [
50 silly reify   '/home/container/node_modules/eslint',
50 silly reify   '/home/container/node_modules/.bin/eslint'
50 silly reify ]
51 silly reify mark retired [
51 silly reify   '/home/container/node_modules/esprima',
51 silly reify   '/home/container/node_modules/.bin/esparse',
51 silly reify   '/home/container/node_modules/.bin/esvalidate'
51 silly reify ]
52 silly reify mark retired [
52 silly reify   '/home/container/node_modules/import-local',
52 silly reify   '/home/container/node_modules/.bin/import-local-fixture'
52 silly reify ]
53 silly reify mark retired [
53 silly reify   '/home/container/node_modules/istanbul-lib-instrument/node_modules/semver',
53 silly reify   '/home/container/node_modules/istanbul-lib-instrument/node_modules/.bin/semver'
53 silly reify ]
54 silly reify mark retired [
54 silly reify   '/home/container/node_modules/jest',
54 silly reify   '/home/container/node_modules/.bin/jest'
54 silly reify ]
55 silly reify mark retired [
55 silly reify   '/home/container/node_modules/jest-cli',
55 silly reify   '/home/container/node_modules/.bin/jest'
55 silly reify ]
56 silly reify mark retired [
56 silly reify   '/home/container/node_modules/jest-snapshot/node_modules/semver',
56 silly reify   '/home/container/node_modules/jest-snapshot/node_modules/.bin/semver'
56 silly reify ]
57 silly reify mark retired [
57 silly reify   '/home/container/node_modules/js-yaml',
57 silly reify   '/home/container/node_modules/.bin/js-yaml'
57 silly reify ]
58 silly reify mark retired [
58 silly reify   '/home/container/node_modules/jsesc',
58 silly reify   '/home/container/node_modules/.bin/jsesc'
58 silly reify ]
59 silly reify mark retired [
59 silly reify   '/home/container/node_modules/json5',
59 silly reify   '/home/container/node_modules/.bin/json5'
59 silly reify ]
60 silly reify mark retired [
60 silly reify   '/home/container/node_modules/make-dir/node_modules/semver',
60 silly reify   '/home/container/node_modules/make-dir/node_modules/.bin/semver'
60 silly reify ]
61 silly reify mark retired [
61 silly reify   '/home/container/node_modules/nodemon',
61 silly reify   '/home/container/node_modules/.bin/nodemon'
61 silly reify ]
62 silly reify mark retired [
62 silly reify   '/home/container/node_modules/resolve',
62 silly reify   '/home/container/node_modules/.bin/resolve'
62 silly reify ]
63 silly reify mark retired [
63 silly reify   '/home/container/node_modules/rimraf',
63 silly reify   '/home/container/node_modules/.bin/rimraf'
63 silly reify ]
64 silly reify mark retired [
64 silly reify   '/home/container/node_modules/semver',
64 silly reify   '/home/container/node_modules/.bin/semver'
64 silly reify ]
65 silly reify mark retired [
65 silly reify   '/home/container/node_modules/simple-update-notifier/node_modules/semver',
65 silly reify   '/home/container/node_modules/simple-update-notifier/node_modules/.bin/semver'
65 silly reify ]
66 silly reify mark retired [
66 silly reify   '/home/container/node_modules/touch',
66 silly reify   '/home/container/node_modules/.bin/nodetouch'
66 silly reify ]
67 silly reify mark retired [
67 silly reify   '/home/container/node_modules/update-browserslist-db',
67 silly reify   '/home/container/node_modules/.bin/update-browserslist-db'
67 silly reify ]
68 silly reify mark retired [
68 silly reify   '/home/container/node_modules/which',
68 silly reify   '/home/container/node_modules/.bin/node-which'
68 silly reify ]
69 silly reify moves {
69 silly reify   '/home/container/node_modules/@babel/parser': '/home/container/node_modules/@babel/.parser-LbKFtz5e',
69 silly reify   '/home/container/node_modules/.bin/parser': '/home/container/node_modules/.bin/.parser-I8v5ChYf',
69 silly reify   '/home/container/node_modules/@istanbuljs/load-nyc-config/node_modules/js-yaml': '/home/container/node_modules/@istanbuljs/load-nyc-config/node_modules/.js-yaml-y9smtfx6',
69 silly reify   '/home/container/node_modules/@istanbuljs/load-nyc-config/node_modules/.bin/js-yaml': '/home/container/node_modules/@istanbuljs/load-nyc-config/node_modules/.bin/.js-yaml-yUJfhv5i',
69 silly reify   '/home/container/node_modules/acorn': '/home/container/node_modules/.acorn-2AtqRIPU',
69 silly reify   '/home/container/node_modules/.bin/acorn': '/home/container/node_modules/.bin/.acorn-LuH4a0XZ',
69 silly reify   '/home/container/node_modules/browserslist': '/home/container/node_modules/.browserslist-sPDy612c',
69 silly reify   '/home/container/node_modules/.bin/browserslist': '/home/container/node_modules/.bin/.browserslist-lGApkmjj',
69 silly reify   '/home/container/node_modules/create-jest': '/home/container/node_modules/.create-jest-hZeOIWau',
69 silly reify   '/home/container/node_modules/.bin/create-jest': '/home/container/node_modules/.bin/.create-jest-KMioHPht',
69 silly reify   '/home/container/node_modules/eslint': '/home/container/node_modules/.eslint-3aJuVs85',
69 silly reify   '/home/container/node_modules/.bin/eslint': '/home/container/node_modules/.bin/.eslint-qjYtQVbj',
69 silly reify   '/home/container/node_modules/esprima': '/home/container/node_modules/.esprima-2SDJxbBg',
69 silly reify   '/home/container/node_modules/.bin/esparse': '/home/container/node_modules/.bin/.esparse-ARROAjjJ',
69 silly reify   '/home/container/node_modules/.bin/esvalidate': '/home/container/node_modules/.bin/.esvalidate-LIK8IsYg',
69 silly reify   '/home/container/node_modules/import-local': '/home/container/node_modules/.import-local-SUrd4ABD',
69 silly reify   '/home/container/node_modules/.bin/import-local-fixture': '/home/container/node_modules/.bin/.import-local-fixture-o13ZtHZ9',
69 silly reify   '/home/container/node_modules/istanbul-lib-instrument/node_modules/semver': '/home/container/node_modules/istanbul-lib-instrument/node_modules/.semver-ZTVhOhIF',
69 silly reify   '/home/container/node_modules/istanbul-lib-instrument/node_modules/.bin/semver': '/home/container/node_modules/istanbul-lib-instrument/node_modules/.bin/.semver-g0xBOhRX',
69 silly reify   '/home/container/node_modules/jest': '/home/container/node_modules/.jest-M91KW0lf',
69 silly reify   '/home/container/node_modules/.bin/jest': '/home/container/node_modules/.bin/.jest-zd5m7lVh',
69 silly reify   '/home/container/node_modules/jest-cli': '/home/container/node_modules/.jest-cli-sIzGnyDo',
69 silly reify   '/home/container/node_modules/jest-snapshot/node_modules/semver': '/home/container/node_modules/jest-snapshot/node_modules/.semver-n6IDAjmt',
69 silly reify   '/home/container/node_modules/jest-snapshot/node_modules/.bin/semver': '/home/container/node_modules/jest-snapshot/node_modules/.bin/.semver-h2ZtCKBD',
69 silly reify   '/home/container/node_modules/js-yaml': '/home/container/node_modules/.js-yaml-MVyYueDY',
69 silly reify   '/home/container/node_modules/.bin/js-yaml': '/home/container/node_modules/.bin/.js-yaml-VQZEtGwl',
69 silly reify   '/home/container/node_modules/jsesc': '/home/container/node_modules/.jsesc-PX7ALjf1',
69 silly reify   '/home/container/node_modules/.bin/jsesc': '/home/container/node_modules/.bin/.jsesc-iR6x0NDi',
69 silly reify   '/home/container/node_modules/json5': '/home/container/node_modules/.json5-TdNhOIJw',
69 silly reify   '/home/container/node_modules/.bin/json5': '/home/container/node_modules/.bin/.json5-UxNW941D',
69 silly reify   '/home/container/node_modules/make-dir/node_modules/semver': '/home/container/node_modules/make-dir/node_modules/.semver-tqsOINOO',
69 silly reify   '/home/container/node_modules/make-dir/node_modules/.bin/semver': '/home/container/node_modules/make-dir/node_modules/.bin/.semver-QeScplJu',
69 silly reify   '/home/container/node_modules/nodemon': '/home/container/node_modules/.nodemon-4Mpe9Z9R',
69 silly reify   '/home/container/node_modules/.bin/nodemon': '/home/container/node_modules/.bin/.nodemon-fIFrvQqG',
69 silly reify   '/home/container/node_modules/resolve': '/home/container/node_modules/.resolve-JQ815DJy',
69 silly reify   '/home/container/node_modules/.bin/resolve': '/home/container/node_modules/.bin/.resolve-CN4V8UI9',
69 silly reify   '/home/container/node_modules/rimraf': '/home/container/node_modules/.rimraf-1HSCxFRz',
69 silly reify   '/home/container/node_modules/.bin/rimraf': '/home/container/node_modules/.bin/.rimraf-jPGCiEH2',
69 silly reify   '/home/container/node_modules/semver': '/home/container/node_modules/.semver-clkkOKMn',
69 silly reify   '/home/container/node_modules/.bin/semver': '/home/container/node_modules/.bin/.semver-6FrAJfdb',
69 silly reify   '/home/container/node_modules/simple-update-notifier/node_modules/semver': '/home/container/node_modules/simple-update-notifier/node_modules/.semver-BnY2SUvU',
69 silly reify   '/home/container/node_modules/simple-update-notifier/node_modules/.bin/semver': '/home/container/node_modules/simple-update-notifier/node_modules/.bin/.semver-2vQ2b8kA',
69 silly reify   '/home/container/node_modules/touch': '/home/container/node_modules/.touch-bPayF5RA',
69 silly reify   '/home/container/node_modules/.bin/nodetouch': '/home/container/node_modules/.bin/.nodetouch-Ff5PEFQc',
69 silly reify   '/home/container/node_modules/update-browserslist-db': '/home/container/node_modules/.update-browserslist-db-RksHLnHP',
69 silly reify   '/home/container/node_modules/.bin/update-browserslist-db': '/home/container/node_modules/.bin/.update-browserslist-db-Dk3etfAY',
69 silly reify   '/home/container/node_modules/which': '/home/container/node_modules/.which-a0RAFcK4',
69 silly reify   '/home/container/node_modules/.bin/node-which': '/home/container/node_modules/.bin/.node-which-YffGGleL'
69 silly reify }
70 timing reify:retireShallow Completed in 12ms
71 timing reify:createSparse Completed in 2ms
72 timing reify:loadBundles Completed in 0ms
73 silly audit bulk request {
73 silly audit   '@ampproject/remapping': [ '2.3.0' ],
73 silly audit   '@babel/code-frame': [ '7.25.9' ],
73 silly audit   '@babel/compat-data': [ '7.25.9' ],
73 silly audit   '@babel/core': [ '7.25.9' ],
73 silly audit   '@babel/generator': [ '7.25.9' ],
73 silly audit   '@babel/helper-compilation-targets': [ '7.25.9' ],
73 silly audit   '@babel/helper-module-imports': [ '7.25.9' ],
73 silly audit   '@babel/helper-module-transforms': [ '7.25.9' ],
73 silly audit   '@babel/helper-plugin-utils': [ '7.25.9' ],
73 silly audit   '@babel/helper-simple-access': [ '7.25.9' ],
73 silly audit   '@babel/helper-string-parser': [ '7.25.9' ],
73 silly audit   '@babel/helper-validator-identifier': [ '7.25.9' ],
73 silly audit   '@babel/helper-validator-option': [ '7.25.9' ],
73 silly audit   '@babel/helpers': [ '7.25.9' ],
73 silly audit   '@babel/highlight': [ '7.25.9' ],
73 silly audit   'ansi-styles': [ '3.2.1', '4.3.0', '5.2.0' ],
73 silly audit   chalk: [ '2.4.2', '4.1.2' ],
73 silly audit   'escape-string-regexp': [ '1.0.5', '4.0.0', '2.0.0' ],
73 silly audit   'has-flag': [ '3.0.0', '4.0.0' ],
73 silly audit   'supports-color': [ '5.5.0', '8.1.1', '7.2.0' ],
73 silly audit   '@babel/parser': [ '7.25.9' ],
73 silly audit   '@babel/plugin-syntax-async-generators': [ '7.8.4' ],
73 silly audit   '@babel/plugin-syntax-bigint': [ '7.8.3' ],
73 silly audit   '@babel/plugin-syntax-class-properties': [ '7.12.13' ],
73 silly audit   '@babel/plugin-syntax-class-static-block': [ '7.14.5' ],
73 silly audit   '@babel/plugin-syntax-import-attributes': [ '7.25.9' ],
73 silly audit   '@babel/plugin-syntax-import-meta': [ '7.10.4' ],
73 silly audit   '@babel/plugin-syntax-json-strings': [ '7.8.3' ],
73 silly audit   '@babel/plugin-syntax-jsx': [ '7.25.9' ],
73 silly audit   '@babel/plugin-syntax-logical-assignment-operators': [ '7.10.4' ],
73 silly audit   '@babel/plugin-syntax-nullish-coalescing-operator': [ '7.8.3' ],
73 silly audit   '@babel/plugin-syntax-numeric-separator': [ '7.10.4' ],
73 silly audit   '@babel/plugin-syntax-object-rest-spread': [ '7.8.3' ],
73 silly audit   '@babel/plugin-syntax-optional-catch-binding': [ '7.8.3' ],
73 silly audit   '@babel/plugin-syntax-optional-chaining': [ '7.8.3' ],
73 silly audit   '@babel/plugin-syntax-private-property-in-object': [ '7.14.5' ],
73 silly audit   '@babel/plugin-syntax-top-level-await': [ '7.14.5' ],
73 silly audit   '@babel/plugin-syntax-typescript': [ '7.25.9' ],
73 silly audit   '@babel/template': [ '7.25.9' ],
73 silly audit   '@babel/traverse': [ '7.25.9' ],
73 silly audit   globals: [ '11.12.0', '13.24.0' ],
73 silly audit   '@babel/types': [ '7.25.9' ],
73 silly audit   '@bcoe/v8-coverage': [ '0.2.3' ],
73 silly audit   '@colors/colors': [ '1.6.0', '1.5.0' ],
73 silly audit   '@dabh/diagnostics': [ '2.0.3' ],
73 silly audit   '@discordjs/builders': [ '0.16.0' ],
73 silly audit   'discord-api-types': [ '0.36.3', '0.37.56', '0.33.5' ],
73 silly audit   '@discordjs/collection': [ '0.8.0', '0.7.0' ],
73 silly audit   '@discordjs/rest': [ '0.6.0' ],
73 silly audit   '@eslint-community/eslint-utils': [ '4.4.0' ],
73 silly audit   '@eslint-community/regexpp': [ '4.11.1' ],
73 silly audit   '@eslint/eslintrc': [ '2.1.4' ],
73 silly audit   '@eslint/js': [ '8.57.1' ],
73 silly audit   '@fastify/busboy': [ '2.1.1' ],
73 silly audit   '@humanwhocodes/config-array': [ '0.13.0' ],
73 silly audit   '@humanwhocodes/module-importer': [ '1.0.1' ],
73 silly audit   '@humanwhocodes/object-schema': [ '2.0.3' ],
73 silly audit   '@istanbuljs/load-nyc-config': [ '1.1.0' ],
73 silly audit   argparse: [ '1.0.10', '2.0.1' ],
73 silly audit   'find-up': [ '4.1.0', '5.0.0' ],
73 silly audit   'js-yaml': [ '3.14.1', '4.1.0' ],
73 silly audit   'locate-path': [ '5.0.0', '6.0.0' ],
73 silly audit   'p-limit': [ '2.3.0', '3.1.0' ],
73 silly audit   'p-locate': [ '4.1.0', '5.0.0' ],
73 silly audit   'resolve-from': [ '5.0.0', '4.0.0' ],
73 silly audit   '@istanbuljs/schema': [ '0.1.3' ],
73 silly audit   '@jest/console': [ '29.7.0' ],
73 silly audit   '@jest/core': [ '29.7.0' ],
73 silly audit   '@jest/environment': [ '29.7.0' ],
73 silly audit   '@jest/expect': [ '29.7.0' ],
73 silly audit   '@jest/expect-utils': [ '29.7.0' ],
73 silly audit   '@jest/fake-timers': [ '29.7.0' ],
73 silly audit   '@jest/globals': [ '29.7.0' ],
73 silly audit   '@jest/reporters': [ '29.7.0' ],
73 silly audit   '@jest/schemas': [ '29.6.3' ],
73 silly audit   '@jest/source-map': [ '29.6.3' ],
73 silly audit   '@jest/test-result': [ '29.7.0' ],
73 silly audit   '@jest/test-sequencer': [ '29.7.0' ],
73 silly audit   '@jest/transform': [ '29.7.0' ],
73 silly audit   '@jest/types': [ '29.6.3' ],
73 silly audit   '@jridgewell/gen-mapping': [ '0.3.5' ],
73 silly audit   '@jridgewell/resolve-uri': [ '3.1.2' ],
73 silly audit   '@jridgewell/set-array': [ '1.2.1' ],
73 silly audit   '@jridgewell/sourcemap-codec': [ '1.5.0' ],
73 silly audit   '@jridgewell/trace-mapping': [ '0.3.25' ],
73 silly audit   '@nodelib/fs.scandir': [ '2.1.5' ],
73 silly audit   '@nodelib/fs.stat': [ '2.0.5' ],
73 silly audit   '@nodelib/fs.walk': [ '1.2.8' ],
73 silly audit   '@sapphire/async-queue': [ '1.5.3' ],
73 silly audit   '@sapphire/shapeshift': [ '3.9.7' ],
73 silly audit   '@sapphire/snowflake': [ '3.5.3' ],
73 silly audit   '@sinclair/typebox': [ '0.27.8' ],
73 silly audit   '@sinonjs/commons': [ '3.0.1' ],
73 silly audit   '@sinonjs/fake-timers': [ '10.3.0' ],
73 silly audit   '@tokenizer/token': [ '0.3.0' ],
73 silly audit   '@types/babel__core': [ '7.20.5' ],
73 silly audit   '@types/babel__generator': [ '7.6.8' ],
73 silly audit   '@types/babel__template': [ '7.4.4' ],
73 silly audit   '@types/babel__traverse': [ '7.20.6' ],
73 silly audit   '@types/graceful-fs': [ '4.1.9' ],
73 silly audit   '@types/istanbul-lib-coverage': [ '2.0.6' ],
73 silly audit   '@types/istanbul-lib-report': [ '3.0.3' ],
73 silly audit   '@types/istanbul-reports': [ '3.0.4' ],
73 silly audit   '@types/node': [ '18.19.59' ],
73 silly audit   '@types/node-fetch': [ '2.6.11' ],
73 silly audit   '@types/stack-utils': [ '2.0.3' ],
73 silly audit   '@types/triple-beam': [ '1.3.5' ],
73 silly audit   '@types/ws': [ '8.5.12' ],
73 silly audit   '@types/yargs': [ '17.0.33' ],
73 silly audit   '@types/yargs-parser': [ '21.0.3' ],
73 silly audit   '@ungap/structured-clone': [ '1.2.0' ],
73 silly audit   'abort-controller': [ '3.0.0' ],
73 silly audit   acorn: [ '8.13.0' ],
73 silly audit   'acorn-jsx': [ '5.3.2' ],
73 silly audit   ajv: [ '6.12.6' ],
73 silly audit   'ansi-escapes': [ '4.3.2' ],
73 silly audit   'type-fest': [ '0.21.3', '0.20.2' ],
73 silly audit   'ansi-regex': [ '5.0.1' ],
73 silly audit   'color-convert': [ '2.0.1', '1.9.3' ],
73 silly audit   'color-name': [ '1.1.4', '1.1.3' ],
73 silly audit   anymatch: [ '3.1.3' ],
73 silly audit   async: [ '3.2.6' ],
73 silly audit   asynckit: [ '0.4.0' ],
73 silly audit   'babel-jest': [ '29.7.0' ],
73 silly audit   'babel-plugin-istanbul': [ '6.1.1' ],
73 silly audit   'istanbul-lib-instrument': [ '5.2.1', '6.0.3' ],
73 silly audit   'babel-plugin-jest-hoist': [ '29.6.3' ],
73 silly audit   'babel-preset-current-node-syntax': [ '1.1.0' ],
73 silly audit   'babel-preset-jest': [ '29.6.3' ],
73 silly audit   'balanced-match': [ '1.0.2' ],
73 silly audit   'base64-js': [ '1.5.1' ],
73 silly audit   'binary-extensions': [ '2.3.0' ],
73 silly audit   'brace-expansion': [ '1.1.11' ],
73 silly audit   braces: [ '3.0.3' ],
73 silly audit   browserslist: [ '4.24.2' ],
73 silly audit   bser: [ '2.1.1' ],
73 silly audit   buffer: [ '6.0.3' ],
73 silly audit   'buffer-from': [ '1.1.2' ],
73 silly audit   callsites: [ '3.1.0' ],
73 silly audit   camelcase: [ '5.3.1', '6.3.0' ],
73 silly audit   'caniuse-lite': [ '1.0.30001669' ],
73 silly audit   'char-regex': [ '1.0.2' ],
73 silly audit   chokidar: [ '3.6.0' ],
73 silly audit   'glob-parent': [ '5.1.2', '6.0.2' ],
73 silly audit   'ci-info': [ '3.9.0' ],
73 silly audit   'cjs-module-lexer': [ '1.4.1' ],
73 silly audit   cliui: [ '8.0.1' ],
73 silly audit   co: [ '4.6.0' ],
73 silly audit   'collect-v8-coverage': [ '1.0.2' ],
73 silly audit   color: [ '3.2.1' ],
73 silly audit   'color-string': [ '1.9.1' ],
73 silly audit   colorspace: [ '1.1.4' ],
73 silly audit   'combined-stream': [ '1.0.8' ],
73 silly audit   'concat-map': [ '0.0.1' ],
73 silly audit   'convert-source-map': [ '2.0.0' ],
73 silly audit   'create-jest': [ '29.7.0' ],
73 silly audit   'cross-spawn': [ '7.0.3' ],
73 silly audit   debug: [ '4.3.7', '3.2.7' ],
73 silly audit   dedent: [ '1.5.3' ],
73 silly audit   'deep-is': [ '0.1.4' ],
73 silly audit   deepmerge: [ '4.3.1' ],
73 silly audit   'delayed-stream': [ '1.0.0' ],
73 silly audit   'detect-newline': [ '3.1.0' ],
73 silly audit   'diff-sequences': [ '29.6.3' ],
73 silly audit   'discord.js': [ '13.16.0' ],
73 silly audit   doctrine: [ '3.0.0' ],
73 silly audit   dotenv: [ '16.0.3' ],
73 silly audit   duplexify: [ '4.1.3' ],
73 silly audit   'electron-to-chromium': [ '1.5.43' ],
73 silly audit   emittery: [ '0.13.1' ],
73 silly audit   'emoji-regex': [ '8.0.0' ],
73 silly audit   enabled: [ '2.0.0' ],
73 silly audit   'end-of-stream': [ '1.4.4' ],
73 silly audit   'error-ex': [ '1.3.2' ],
73 silly audit   'is-arrayish': [ '0.2.1', '0.3.2' ],
73 silly audit   escalade: [ '3.2.0' ],
73 silly audit   eslint: [ '8.57.1' ],
73 silly audit   'eslint-scope': [ '7.2.2' ],
73 silly audit   'eslint-visitor-keys': [ '3.4.3' ],
73 silly audit   espree: [ '9.6.1' ],
73 silly audit   esprima: [ '4.0.1' ],
73 silly audit   esquery: [ '1.6.0' ],
73 silly audit   esrecurse: [ '4.3.0' ],
73 silly audit   estraverse: [ '5.3.0' ],
73 silly audit   esutils: [ '2.0.3' ],
73 silly audit   'event-target-shim': [ '5.0.1' ],
73 silly audit   events: [ '3.3.0' ],
73 silly audit   execa: [ '5.1.1' ],
73 silly audit   exit: [ '0.1.2' ],
73 silly audit   expect: [ '29.7.0' ],
73 silly audit   'fast-deep-equal': [ '3.1.3' ],
73 silly audit   'fast-json-stable-stringify': [ '2.1.0' ],
73 silly audit   'fast-levenshtein': [ '2.0.6' ],
73 silly audit   fastq: [ '1.17.1' ],
73 silly audit   'fb-watchman': [ '2.0.2' ],
73 silly audit   fecha: [ '4.2.3' ],
73 silly audit   'file-entry-cache': [ '6.0.1' ],
73 silly audit   'file-type': [ '17.1.6' ],
73 silly audit   'fill-range': [ '7.1.1' ],
73 silly audit   'flat-cache': [ '3.2.0' ],
73 silly audit   flatted: [ '3.3.1' ],
73 silly audit   'fn.name': [ '1.1.0' ],
73 silly audit   'form-data': [ '4.0.1' ],
73 silly audit   'fs.realpath': [ '1.0.0' ],
73 silly audit   fsevents: [ '2.3.3' ],
73 silly audit   'function-bind': [ '1.1.2' ],
73 silly audit   gensync: [ '1.0.0-beta.2' ],
73 silly audit   'get-caller-file': [ '2.0.5' ],
73 silly audit   'get-package-type': [ '0.1.0' ],
73 silly audit   'get-stream': [ '6.0.1' ],
73 silly audit   glob: [ '7.2.3' ],
73 silly audit   'graceful-fs': [ '4.2.11' ],
73 silly audit   graphemer: [ '1.4.0' ],
73 silly audit   hasown: [ '2.0.2' ],
73 silly audit   'html-escaper': [ '2.0.2' ],
73 silly audit   'human-signals': [ '2.1.0' ],
73 silly audit   ieee754: [ '1.2.1' ],
73 silly audit   ignore: [ '5.3.2' ],
73 silly audit   'ignore-by-default': [ '1.0.1' ],
73 silly audit   'import-fresh': [ '3.3.0' ],
73 silly audit   'import-local': [ '3.2.0' ],
73 silly audit   imurmurhash: [ '0.1.4' ],
73 silly audit   inflight: [ '1.0.6' ],
73 silly audit   inherits: [ '2.0.4' ],
73 silly audit   'is-binary-path': [ '2.1.0' ],
73 silly audit   'is-core-module': [ '2.15.1' ],
73 silly audit   'is-extglob': [ '2.1.1' ],
73 silly audit   'is-fullwidth-code-point': [ '3.0.0' ],
73 silly audit   'is-generator-fn': [ '2.1.0' ],
73 silly audit   'is-glob': [ '4.0.3' ],
73 silly audit   'is-number': [ '7.0.0' ],
73 silly audit   'is-path-inside': [ '3.0.3' ],
73 silly audit   'is-stream': [ '2.0.1' ],
73 silly audit   isexe: [ '2.0.0' ],
73 silly audit   'istanbul-lib-coverage': [ '3.2.2' ],
73 silly audit   semver: [ '7.6.3', '5.7.2', '6.3.1', '7.0.0' ],
73 silly audit   'istanbul-lib-report': [ '3.0.1' ],
73 silly audit   'istanbul-lib-source-maps': [ '4.0.1' ],
73 silly audit   'istanbul-reports': [ '3.1.7' ],
73 silly audit   jest: [ '29.7.0' ],
73 silly audit   'jest-changed-files': [ '29.7.0' ],
73 silly audit   'jest-circus': [ '29.7.0' ],
73 silly audit   'jest-cli': [ '29.7.0' ],
73 silly audit   'jest-config': [ '29.7.0' ],
73 silly audit   'jest-diff': [ '29.7.0' ],
73 silly audit   'jest-docblock': [ '29.7.0' ],
73 silly audit   'jest-each': [ '29.7.0' ],
73 silly audit   'jest-environment-node': [ '29.7.0' ],
73 silly audit   'jest-get-type': [ '29.6.3' ],
73 silly audit   'jest-haste-map': [ '29.7.0' ],
73 silly audit   'jest-leak-detector': [ '29.7.0' ],
73 silly audit   'jest-matcher-utils': [ '29.7.0' ],
73 silly audit   'jest-message-util': [ '29.7.0' ],
73 silly audit   'jest-mock': [ '29.7.0' ],
73 silly audit   'jest-pnp-resolver': [ '1.2.3' ],
73 silly audit   'jest-regex-util': [ '29.6.3' ],
73 silly audit   'jest-resolve': [ '29.7.0' ],
73 silly audit   'jest-resolve-dependencies': [ '29.7.0' ],
73 silly audit   'jest-runner': [ '29.7.0' ],
73 silly audit   'jest-runtime': [ '29.7.0' ],
73 silly audit   'jest-snapshot': [ '29.7.0' ],
73 silly audit   'jest-util': [ '29.7.0' ],
73 silly audit   'jest-validate': [ '29.7.0' ],
73 silly audit   'jest-watcher': [ '29.7.0' ],
73 silly audit   'jest-worker': [ '29.7.0' ],
73 silly audit   'js-tokens': [ '4.0.0' ],
73 silly audit   jsesc: [ '3.0.2' ],
73 silly audit   'json-buffer': [ '3.0.1' ],
73 silly audit   'json-parse-even-better-errors': [ '2.3.1' ],
73 silly audit   'json-schema-traverse': [ '0.4.1' ],
73 silly audit   'json-stable-stringify-without-jsonify': [ '1.0.1' ],
73 silly audit   json5: [ '2.2.3' ],
73 silly audit   keyv: [ '4.5.4' ],
73 silly audit   kleur: [ '3.0.3' ],
73 silly audit   kuler: [ '2.0.0' ],
73 silly audit   leven: [ '3.1.0' ],
73 silly audit   levn: [ '0.4.1' ],
73 silly audit   'lines-and-columns': [ '1.2.4' ],
73 silly audit   lodash: [ '4.17.21' ],
73 silly audit   'lodash.merge': [ '4.6.2' ],
73 silly audit   logform: [ '2.6.1' ],
73 silly audit   'lru-cache': [ '5.1.1' ],
73 silly audit   'make-dir': [ '4.0.0' ],
73 silly audit   makeerror: [ '1.0.12' ],
73 silly audit   megajs: [ '1.1.3' ],
73 silly audit   'merge-stream': [ '2.0.0' ],
73 silly audit   micromatch: [ '4.0.8' ],
73 silly audit   'mime-db': [ '1.52.0' ],
73 silly audit   'mime-types': [ '2.1.35' ],
73 silly audit   'mimic-fn': [ '2.1.0' ],
73 silly audit   minimatch: [ '3.1.2' ],
73 silly audit   ms: [ '2.1.3' ],
73 silly audit   'natural-compare': [ '1.4.0' ],
73 silly audit   'node-fetch': [ '2.6.7' ],
73 silly audit   'node-int64': [ '0.4.0' ],
73 silly audit   'node-releases': [ '2.0.18' ],
73 silly audit   nodemon: [ '2.0.22' ],
73 silly audit   'normalize-path': [ '3.0.0' ],
73 silly audit   'npm-run-path': [ '4.0.1' ],
73 silly audit   once: [ '1.4.0' ],
73 silly audit   'one-time': [ '1.0.0' ],
73 silly audit   onetime: [ '5.1.2' ],
73 silly audit   optionator: [ '0.9.4' ],
73 silly audit   'p-try': [ '2.2.0' ],
73 silly audit   'parent-module': [ '1.0.1' ],
73 silly audit   'parse-json': [ '5.2.0' ],
73 silly audit   'path-exists': [ '4.0.0' ],
73 silly audit   'path-is-absolute': [ '1.0.1' ],
73 silly audit   'path-key': [ '3.1.1' ],
73 silly audit   'path-parse': [ '1.0.7' ],
73 silly audit   'peek-readable': [ '5.3.1' ],
73 silly audit   picocolors: [ '1.1.1' ],
73 silly audit   picomatch: [ '2.3.1' ],
73 silly audit   pirates: [ '4.0.6' ],
73 silly audit   'pkg-dir': [ '4.2.0' ],
73 silly audit   'prelude-ls': [ '1.2.1' ],
73 silly audit   'pretty-format': [ '29.7.0' ],
73 silly audit   process: [ '0.11.10' ],
73 silly audit   prompts: [ '2.4.2' ],
73 silly audit   'pstree.remy': [ '1.1.8' ],
73 silly audit   pump: [ '3.0.2' ],
73 silly audit   pumpify: [ '2.0.1' ],
73 silly audit   punycode: [ '2.3.1' ],
73 silly audit   'pure-rand': [ '6.1.0' ],
73 silly audit   'queue-microtask': [ '1.2.3' ],
73 silly audit   'react-is': [ '18.3.1' ],
73 silly audit   'readable-stream': [ '3.6.2', '4.5.2' ],
73 silly audit   'readable-web-to-node-stream': [ '3.0.2' ],
73 silly audit   readdirp: [ '3.6.0' ],
73 silly audit   'require-directory': [ '2.1.1' ],
73 silly audit   resolve: [ '1.22.8' ],
73 silly audit   'resolve-cwd': [ '3.0.0' ],
73 silly audit   'resolve.exports': [ '2.0.2' ],
73 silly audit   reusify: [ '1.0.4' ],
73 silly audit   rimraf: [ '3.0.2' ],
73 silly audit   'run-parallel': [ '1.2.0' ],
73 silly audit   'safe-buffer': [ '5.2.1' ],
73 silly audit   'safe-stable-stringify': [ '2.5.0' ],
73 silly audit   'secure-random': [ '1.1.2' ],
73 silly audit   'shebang-command': [ '2.0.0' ],
73 silly audit   'shebang-regex': [ '3.0.0' ],
73 silly audit   'signal-exit': [ '3.0.7' ],
73 silly audit   'simple-swizzle': [ '0.2.2' ],
73 silly audit   'simple-update-notifier': [ '1.1.0' ],
73 silly audit   sisteransi: [ '1.0.5' ],
73 silly audit   slash: [ '3.0.0' ],
73 silly audit   'source-map': [ '0.6.1' ],
73 silly audit   'source-map-support': [ '0.5.13' ],
73 silly audit   'sprintf-js': [ '1.0.3' ],
73 silly audit   'stack-trace': [ '0.0.10' ],
73 silly audit   'stack-utils': [ '2.0.6' ],
73 silly audit   'stream-shift': [ '1.0.3' ],
73 silly audit   'stream-skip': [ '1.0.3' ],
73 silly audit   string_decoder: [ '1.3.0' ],
73 silly audit   'string-length': [ '4.0.2' ],
73 silly audit   'string-width': [ '4.2.3' ],
73 silly audit   'strip-ansi': [ '6.0.1' ],
73 silly audit   'strip-bom': [ '4.0.0' ],
73 silly audit   'strip-final-newline': [ '2.0.0' ],
73 silly audit   'strip-json-comments': [ '3.1.1' ],
73 silly audit   strtok3: [ '7.1.1' ],
73 silly audit   'supports-preserve-symlinks-flag': [ '1.0.0' ],
73 silly audit   'test-exclude': [ '6.0.0' ],
73 silly audit   'text-hex': [ '1.0.0' ],
73 silly audit   'text-table': [ '0.2.0' ],
73 silly audit   tmpl: [ '1.0.5' ],
73 silly audit   'to-regex-range': [ '5.0.1' ],
73 silly audit   'token-types': [ '5.0.1' ],
73 silly audit   touch: [ '3.1.1' ],
73 silly audit   tr46: [ '0.0.3' ],
73 silly audit   'triple-beam': [ '1.4.1' ],
73 silly audit   'ts-mixer': [ '6.0.4' ],
73 silly audit   tslib: [ '2.8.0' ],
73 silly audit   'type-check': [ '0.4.0' ],
73 silly audit   'type-detect': [ '4.0.8' ],
73 silly audit   undefsafe: [ '2.0.5' ],
73 silly audit   undici: [ '5.28.4' ],
73 silly audit   'undici-types': [ '5.26.5' ],
73 silly audit   'update-browserslist-db': [ '1.1.1' ],
73 silly audit   'uri-js': [ '4.4.1' ],
73 silly audit   'util-deprecate': [ '1.0.2' ],
73 silly audit   'v8-to-istanbul': [ '9.3.0' ],
73 silly audit   walker: [ '1.0.8' ],
73 silly audit   'webidl-conversions': [ '3.0.1' ],
73 silly audit   'whatwg-url': [ '5.0.0' ],
73 silly audit   which: [ '2.0.2' ],
73 silly audit   winston: [ '3.8.2' ],
73 silly audit   'winston-transport': [ '4.8.0' ],
73 silly audit   'word-wrap': [ '1.2.5' ],
73 silly audit   'wrap-ansi': [ '7.0.0' ],
73 silly audit   wrappy: [ '1.0.2' ],
73 silly audit   'write-file-atomic': [ '4.0.2' ],
73 silly audit   ws: [ '8.18.0' ],
73 silly audit   y18n: [ '5.0.8' ],
73 silly audit   yallist: [ '3.1.1' ],
73 silly audit   yargs: [ '17.7.2' ],
73 silly audit   'yargs-parser': [ '21.1.1' ],
73 silly audit   'yocto-queue': [ '0.1.0' ]
73 silly audit }
74 verbose reify failed optional dependency /home/container/node_modules/fsevents
75 silly reify mark deleted [ '/home/container/node_modules/fsevents' ]
76 timing reifyNode:node_modules/fsevents Completed in 16ms
77 timing reifyNode:node_modules/touch Completed in 99ms
78 timing reifyNode:node_modules/which Completed in 100ms
79 timing reifyNode:node_modules/import-local Completed in 99ms
80 warn deprecated rimraf@3.0.2: Rimraf versions prior to v4 are no longer supported
81 timing reifyNode:node_modules/rimraf Completed in 101ms
82 timing reifyNode:node_modules/jest Completed in 101ms
83 timing reifyNode:node_modules/update-browserslist-db Completed in 103ms
84 timing reifyNode:node_modules/semver Completed in 106ms
85 timing reifyNode:node_modules/jsesc Completed in 106ms
86 timing reifyNode:node_modules/nodemon/node_modules/semver Completed in 107ms
87 timing reifyNode:node_modules/jest-cli Completed in 108ms
88 timing reifyNode:node_modules/create-jest Completed in 110ms
89 timing reifyNode:node_modules/browserslist Completed in 110ms
90 timing reifyNode:node_modules/esprima Completed in 118ms
91 timing reifyNode:node_modules/json5 Completed in 128ms
92 timing reifyNode:node_modules/acorn Completed in 130ms
93 timing reifyNode:node_modules/simple-update-notifier/node_modules/semver Completed in 142ms
94 timing reifyNode:node_modules/make-dir/node_modules/semver Completed in 143ms
95 timing reifyNode:node_modules/istanbul-lib-instrument/node_modules/semver Completed in 142ms
96 timing reifyNode:node_modules/jest-snapshot/node_modules/semver Completed in 142ms
97 timing reifyNode:node_modules/js-yaml Completed in 144ms
98 timing reifyNode:node_modules/@istanbuljs/load-nyc-config/node_modules/js-yaml Completed in 147ms
99 timing reifyNode:node_modules/nodemon Completed in 148ms
100 timing reifyNode:node_modules/@babel/parser Completed in 154ms
101 timing reifyNode:node_modules/resolve Completed in 167ms
102 warn deprecated eslint@8.57.1: This version is no longer supported. Please see https://eslint.org/version-support for other options.
103 timing reifyNode:node_modules/eslint Completed in 202ms
104 timing reify:unpack Completed in 203ms
105 timing reify:unretire Completed in 2ms
106 timing build:queue Completed in 1ms
107 timing build:deps Completed in 1ms
108 timing build Completed in 1ms
109 timing reify:build Completed in 2ms
110 http fetch POST 200 https://registry.npmjs.org/-/npm/v1/security/advisories/bulk 233ms
111 timing auditReport:getReport Completed in 237ms
112 silly audit report {
112 silly audit report   semver: [
112 silly audit report     {
112 silly audit report       id: 1098562,
112 silly audit report       url: 'https://github.com/advisories/GHSA-c2qf-rxjj-qqgw',
112 silly audit report       title: 'semver vulnerable to Regular Expression Denial of Service',
112 silly audit report       severity: 'high',
112 silly audit report       vulnerable_versions: '>=7.0.0 <7.5.2',
112 silly audit report       cwe: [Array],
112 silly audit report       cvss: [Object]
112 silly audit report     }
112 silly audit report   ]
112 silly audit report }
113 timing metavuln:cache:get:security-advisory:semver:opCi/aWaSKqONMYnfnFEDkv8YHQsLRfA3enlX2IHlHYfFwv+CTH+ItWyYx1Vqalh3HK+Lk+xMxcq/HjPXMZwBQ== Completed in 24ms
114 timing reify:trash Completed in 52ms
115 http fetch GET 200 https://registry.npmjs.org/semver 75ms (cache hit)
116 timing metavuln:packument:semver Completed in 77ms
117 timing metavuln:load:security-advisory:semver:1098562 Completed in 1ms
118 timing metavuln:calculate:security-advisory:semver:1098562 Completed in 78ms
119 timing reify:save Completed in 51ms
120 timing metavuln:cache:get:security-advisory:simple-update-notifier:VmVhQImG+QKVWnlNW5yp1zHUOx/ZRnbSImuBAMs3JcawiSqH/9EH24+HabREtz3rIxJpMx8t/03D1fhp2B5M3g== Completed in 21ms
121 http fetch GET 200 https://registry.npmjs.org/simple-update-notifier 22ms (cache hit)
122 timing metavuln:packument:simple-update-notifier Completed in 22ms
123 timing metavuln:load:security-advisory:simple-update-notifier:opCi/aWaSKqONMYnfnFEDkv8YHQsLRfA3enlX2IHlHYfFwv+CTH+ItWyYx1Vqalh3HK+Lk+xMxcq/HjPXMZwBQ== Completed in 1ms
124 timing metavuln:calculate:security-advisory:simple-update-notifier:opCi/aWaSKqONMYnfnFEDkv8YHQsLRfA3enlX2IHlHYfFwv+CTH+ItWyYx1Vqalh3HK+Lk+xMxcq/HjPXMZwBQ== Completed in 23ms
125 timing metavuln:cache:get:security-advisory:nodemon:QLv4lSAXpjFCJWcxn62LXZBl2eGhPvRpDtR6QR8NeFbYMFAB6KJai0RLKmdAWEQtbhYMK4zPcknO4Sf0QOu7UQ== Completed in 1ms
126 http fetch GET 200 https://registry.npmjs.org/nodemon 3ms (cache hit)
127 timing metavuln:packument:nodemon Completed in 4ms
128 timing metavuln:load:security-advisory:nodemon:VmVhQImG+QKVWnlNW5yp1zHUOx/ZRnbSImuBAMs3JcawiSqH/9EH24+HabREtz3rIxJpMx8t/03D1fhp2B5M3g== Completed in 1ms
129 timing metavuln:calculate:security-advisory:nodemon:VmVhQImG+QKVWnlNW5yp1zHUOx/ZRnbSImuBAMs3JcawiSqH/9EH24+HabREtz3rIxJpMx8t/03D1fhp2B5M3g== Completed in 5ms
130 timing auditReport:init Completed in 113ms
131 timing reify:audit Completed in 352ms
132 timing reify Completed in 707ms
133 silly ADD
134 silly CHANGE node_modules/which
135 silly CHANGE node_modules/update-browserslist-db
136 silly CHANGE node_modules/touch
137 silly CHANGE node_modules/simple-update-notifier/node_modules/semver
138 silly CHANGE node_modules/semver
139 silly CHANGE node_modules/rimraf
140 silly CHANGE node_modules/resolve
141 silly CHANGE node_modules/nodemon
142 silly CHANGE node_modules/nodemon/node_modules/semver
143 silly CHANGE node_modules/make-dir/node_modules/semver
144 silly CHANGE node_modules/json5
145 silly CHANGE node_modules/jsesc
146 silly CHANGE node_modules/js-yaml
147 silly CHANGE node_modules/jest-snapshot/node_modules/semver
148 silly CHANGE node_modules/jest-cli
149 silly CHANGE node_modules/jest
150 silly CHANGE node_modules/istanbul-lib-instrument/node_modules/semver
151 silly CHANGE node_modules/import-local
152 silly CHANGE node_modules/esprima
153 silly CHANGE node_modules/eslint
154 silly CHANGE node_modules/create-jest
155 silly CHANGE node_modules/browserslist
156 silly CHANGE node_modules/acorn
157 silly CHANGE node_modules/@istanbuljs/load-nyc-config/node_modules/js-yaml
158 silly CHANGE node_modules/@babel/parser
159 timing command:install Completed in 718ms
160 verbose exit 0
161 timing npm Completed in 773ms
162 info ok
