0 verbose cli /home/container/tmp/node-v16.17.0-linux-x64/bin/node /home/container/tmp/node-v16.17.0-linux-x64/bin/npm
1 info using npm@8.15.0
2 info using node@v16.17.0
3 timing npm:load:whichnode Completed in 0ms
4 timing config:load:defaults Completed in 1ms
5 timing config:load:file:/home/container/tmp/node-v16.17.0-linux-x64/lib/node_modules/npm/npmrc Completed in 3ms
6 timing config:load:builtin Completed in 3ms
7 timing config:load:cli Completed in 5ms
8 timing config:load:env Completed in 1ms
9 timing config:load:project Completed in 0ms
10 timing config:load:file:/home/container/.npmrc Completed in 0ms
11 timing config:load:user Completed in 0ms
12 timing config:load:file:/home/container/etc/npmrc Completed in 0ms
13 timing config:load:global Completed in 1ms
14 timing config:load:validate Completed in 0ms
15 timing config:load:credentials Completed in 0ms
16 timing config:load:setEnvs Completed in 1ms
17 timing config:load Completed in 13ms
18 timing npm:load:configload Completed in 13ms
19 timing npm:load:mkdirpcache Completed in 1ms
20 timing npm:load:mkdirplogs Completed in 0ms
21 verbose title npm install
22 verbose argv "install" "--build-from-resource" "--no-bin-links" "--cache" "/home/container/tmp/.npm-global" "--update-notifier" "false" "--prefix" "/home/container/"
23 timing npm:load:setTitle Completed in 1ms
24 timing config:load:flatten Completed in 2ms
25 timing npm:load:display Completed in 3ms
26 verbose logfile logs-max:10 dir:/home/container/tmp/.npm-global/_logs
27 verbose logfile /home/container/tmp/.npm-global/_logs/2024-10-23T15_17_24_394Z-debug-0.log
28 timing npm:load:logFile Completed in 4ms
29 timing npm:load:timers Completed in 1ms
30 timing npm:load:configScope Completed in 0ms
31 timing npm:load Completed in 23ms
32 timing arborist:ctor Completed in 0ms
33 silly logfile start cleaning logs, removing 1 files
34 silly logfile done cleaning log files
35 timing idealTree:init Completed in 52ms
36 timing idealTree:userRequests Completed in 0ms
37 silly idealTree buildDeps
38 timing idealTree:#root Completed in 0ms
39 timing idealTree:buildDeps Completed in 0ms
40 timing idealTree:fixDepFlags Completed in 0ms
41 timing idealTree Completed in 55ms
42 timing arborist:ctor Completed in 0ms
43 timing reify:loadTrees Completed in 83ms
44 timing reify:diffTrees Completed in 4ms
45 silly reify moves {}
46 timing reify:retireShallow Completed in 1ms
47 timing reify:createSparse Completed in 0ms
48 timing reify:loadBundles Completed in 0ms
49 silly audit bulk request {
49 silly audit   '@colors/colors': [ '1.6.0', '1.5.0' ],
49 silly audit   '@dabh/diagnostics': [ '2.0.3' ],
49 silly audit   '@discordjs/builders': [ '0.16.0' ],
49 silly audit   'discord-api-types': [ '0.36.3', '0.37.56', '0.33.5' ],
49 silly audit   '@discordjs/collection': [ '0.8.0', '0.7.0' ],
49 silly audit   '@discordjs/rest': [ '0.6.0' ],
49 silly audit   '@fastify/busboy': [ '2.1.1' ],
49 silly audit   '@sapphire/async-queue': [ '1.5.3' ],
49 silly audit   '@sapphire/shapeshift': [ '3.9.7' ],
49 silly audit   '@sapphire/snowflake': [ '3.5.3' ],
49 silly audit   '@tokenizer/token': [ '0.3.0' ],
49 silly audit   '@types/node': [ '18.19.59' ],
49 silly audit   '@types/node-fetch': [ '2.6.11' ],
49 silly audit   '@types/triple-beam': [ '1.3.5' ],
49 silly audit   '@types/ws': [ '8.5.12' ],
49 silly audit   'abort-controller': [ '3.0.0' ],
49 silly audit   async: [ '3.2.6' ],
49 silly audit   asynckit: [ '0.4.0' ],
49 silly audit   'base64-js': [ '1.5.1' ],
49 silly audit   buffer: [ '6.0.3' ],
49 silly audit   color: [ '3.2.1' ],
49 silly audit   'color-convert': [ '1.9.3' ],
49 silly audit   'color-name': [ '1.1.3' ],
49 silly audit   'color-string': [ '1.9.1' ],
49 silly audit   colorspace: [ '1.1.4' ],
49 silly audit   'combined-stream': [ '1.0.8' ],
49 silly audit   'delayed-stream': [ '1.0.0' ],
49 silly audit   'discord.js': [ '13.16.0' ],
49 silly audit   dotenv: [ '16.0.3' ],
49 silly audit   duplexify: [ '4.1.3' ],
49 silly audit   enabled: [ '2.0.0' ],
49 silly audit   'end-of-stream': [ '1.4.4' ],
49 silly audit   'event-target-shim': [ '5.0.1' ],
49 silly audit   events: [ '3.3.0' ],
49 silly audit   'fast-deep-equal': [ '3.1.3' ],
49 silly audit   fecha: [ '4.2.3' ],
49 silly audit   'file-type': [ '17.1.6' ],
49 silly audit   'fn.name': [ '1.1.0' ],
49 silly audit   'form-data': [ '4.0.1' ],
49 silly audit   ieee754: [ '1.2.1' ],
49 silly audit   inherits: [ '2.0.4' ],
49 silly audit   'is-arrayish': [ '0.3.2' ],
49 silly audit   'is-stream': [ '2.0.1' ],
49 silly audit   kuler: [ '2.0.0' ],
49 silly audit   lodash: [ '4.17.21' ],
49 silly audit   logform: [ '2.6.1' ],
49 silly audit   megajs: [ '1.1.3' ],
49 silly audit   'mime-db': [ '1.52.0' ],
49 silly audit   'mime-types': [ '2.1.35' ],
49 silly audit   ms: [ '2.1.3' ],
49 silly audit   'node-fetch': [ '2.6.7' ],
49 silly audit   once: [ '1.4.0' ],
49 silly audit   'one-time': [ '1.0.0' ],
49 silly audit   'peek-readable': [ '5.3.1' ],
49 silly audit   process: [ '0.11.10' ],
49 silly audit   pump: [ '3.0.2' ],
49 silly audit   pumpify: [ '2.0.1' ],
49 silly audit   'readable-stream': [ '3.6.2', '4.5.2' ],
49 silly audit   'readable-web-to-node-stream': [ '3.0.2' ],
49 silly audit   'safe-buffer': [ '5.2.1' ],
49 silly audit   'safe-stable-stringify': [ '2.5.0' ],
49 silly audit   'secure-random': [ '1.1.2' ],
49 silly audit   'simple-swizzle': [ '0.2.2' ],
49 silly audit   'stack-trace': [ '0.0.10' ],
49 silly audit   'stream-shift': [ '1.0.3' ],
49 silly audit   'stream-skip': [ '1.0.3' ],
49 silly audit   string_decoder: [ '1.3.0' ],
49 silly audit   strtok3: [ '7.1.1' ],
49 silly audit   'text-hex': [ '1.0.0' ],
49 silly audit   'token-types': [ '5.0.1' ],
49 silly audit   tr46: [ '0.0.3' ],
49 silly audit   'triple-beam': [ '1.4.1' ],
49 silly audit   'ts-mixer': [ '6.0.4' ],
49 silly audit   tslib: [ '2.8.0' ],
49 silly audit   undici: [ '5.28.4' ],
49 silly audit   'undici-types': [ '5.26.5' ],
49 silly audit   'util-deprecate': [ '1.0.2' ],
49 silly audit   'webidl-conversions': [ '3.0.1' ],
49 silly audit   'whatwg-url': [ '5.0.0' ],
49 silly audit   winston: [ '3.8.2' ],
49 silly audit   'winston-transport': [ '4.8.0' ],
49 silly audit   wrappy: [ '1.0.2' ],
49 silly audit   ws: [ '8.18.0' ]
49 silly audit }
50 timing reify:unpack Completed in 2ms
51 timing reify:unretire Completed in 1ms
52 timing build:queue Completed in 0ms
53 timing build:deps Completed in 0ms
54 timing build Completed in 0ms
55 timing reify:build Completed in 0ms
56 timing reify:trash Completed in 0ms
57 timing reify:save Completed in 16ms
58 http fetch POST 200 https://registry.npmjs.org/-/npm/v1/security/advisories/bulk 171ms
59 timing auditReport:getReport Completed in 174ms
60 silly audit report {}
61 timing auditReport:init Completed in 0ms
62 timing reify:audit Completed in 174ms
63 timing reify Completed in 265ms
64 timing command:install Completed in 271ms
65 verbose exit 0
66 timing npm Completed in 349ms
67 info ok
